<?xml version="1.0" encoding="UTF-8"?>
<testng-results ignored="0" total="0" passed="0" failed="0" skipped="0">
  <reporter-output>
  </reporter-output>
  <suite started-at="2022-09-21T08:54:57Z" name="Surefire suite" finished-at="2022-09-21T08:55:00Z" duration-ms="2555">
    <groups>
    </groups>
    <test started-at="2022-09-21T08:54:57Z" name="Surefire test" finished-at="2022-09-21T08:55:00Z" duration-ms="2555">
      <class name="demoqa.AlertTest">
        <test-method is-config="true" signature="setUp()[pri:0, instance:demoqa.AlertTest@587d1d39]" started-at="2022-09-21T08:54:57Z" name="setUp" finished-at="2022-09-21T08:55:00Z" duration-ms="2553" status="PASS">
          <reporter-output>
          </reporter-output>
        </test-method> <!-- setUp -->
      </class> <!-- demoqa.AlertTest -->
    </test> <!-- Surefire test -->
  </suite> <!-- Surefire suite -->
</testng-results>
