<?xml version="1.0" encoding="UTF-8"?>
<testng-results ignored="0" total="1" passed="1" failed="0" skipped="0">
  <reporter-output>
  </reporter-output>
  <suite started-at="2022-09-21T17:52:28Z" name="Default suite" finished-at="2022-09-21T17:52:35Z" duration-ms="7710">
    <groups>
    </groups>
    <test started-at="2022-09-21T17:52:28Z" name="Default test" finished-at="2022-09-21T17:52:35Z" duration-ms="7710">
      <class name="demoqa.AlertTest">
        <test-method is-config="true" signature="setUp()[pri:0, instance:demoqa.AlertTest@3e11f9e9]" started-at="2022-09-21T17:52:28Z" name="setUp" finished-at="2022-09-21T17:52:35Z" duration-ms="7069" status="PASS">
          <reporter-output>
          </reporter-output>
        </test-method> <!-- setUp -->
        <test-method signature="alertTest()[pri:0, instance:demoqa.AlertTest@3e11f9e9]" started-at="2022-09-21T17:52:35Z" name="alertTest" finished-at="2022-09-21T17:52:35Z" duration-ms="54" status="PASS">
          <reporter-output>
          </reporter-output>
        </test-method> <!-- alertTest -->
        <test-method is-config="true" signature="tearDown()[pri:0, instance:demoqa.AlertTest@3e11f9e9]" started-at="2022-09-21T17:52:35Z" name="tearDown" finished-at="2022-09-21T17:52:35Z" duration-ms="575" status="PASS">
          <reporter-output>
          </reporter-output>
        </test-method> <!-- tearDown -->
      </class> <!-- demoqa.AlertTest -->
    </test> <!-- Default test -->
  </suite> <!-- Default suite -->
</testng-results>
